[debug] [2026-02-14T01:52:39.152Z] ----------------------------------------------------------------------
[debug] [2026-02-14T01:52:39.164Z] Command:       /usr/local/bin/firebase /Users/jacobshaul/.cache/firebase/tools/lib/node_modules/firebase-tools/lib/bin/firebase init
[debug] [2026-02-14T01:52:39.165Z] CLI Version:   15.5.1
[debug] [2026-02-14T01:52:39.165Z] Platform:      darwin
[debug] [2026-02-14T01:52:39.165Z] Node Version:  v20.18.2
[debug] [2026-02-14T01:52:39.165Z] Time:          Fri Feb 13 2026 17:52:39 GMT-0800 (Pacific Standard Time)
[debug] [2026-02-14T01:52:39.166Z] ----------------------------------------------------------------------
[debug] 
[info] 
     ######## #### ########  ######## ########     ###     ######  ########
     ##        ##  ##     ## ##       ##     ##  ##   ##  ##       ##
     ######    ##  ########  ######   ########  #########  ######  ######
     ##        ##  ##    ##  ##       ##     ## ##     ##       ## ##
     ##       #### ##     ## ######## ########  ##     ##  ######  ########

You're about to initialize a Firebase project in this directory:

  /Users/jacobshaul/24livefinal/24live

Before we get started, keep in mind:

  * You are initializing within an existing Firebase project directory

[debug] [2026-02-14T01:52:42.511Z] ExitPromptError: User force closed the prompt with SIGINT
    at Interface.sigint (/Users/jacobshaul/.cache/firebase/tools/lib/node_modules/@inquirer/core/dist/commonjs/lib/create-prompt.js:101:37)
    at Interface.emit (node:events:518:28)
    at [_ttyWrite] [as _ttyWrite] (node:internal/readline/interface:1125:18)
    at ReadStream.onkeypress (node:internal/readline/interface:264:20)
    at ReadStream.emit (node:events:530:35)
    at emitKeys (node:internal/readline/utils:371:14)
    at emitKeys.next (<anonymous>)
    at ReadStream.onData (node:internal/readline/emitKeypressEvents:64:36)
    at ReadStream.emit (node:events:518:28)
    at addChunk (node:internal/streams/readable:561:12)
[error] 
[error] Error: An unexpected error has occurred.
